<html>
<body>
<pre>
<h1>Vision Build Log</h1>
<h2>Project:</h2>
D:\Desktop\C-P\Car-Model-3\C-M-3.uvproj
Project File Date:  01/19/2017

<h2>Output:</h2>
compiling main.c...
main.c - 0 Error(s), 0 Warning(s).
Build target '目标 1'
compiling main.c...
linking...
Program Size: data=95.0 xdata=0 code=1504
creating hex file from "C-M-3"...
"C-M-3" - 0 Error(s), 0 Warning(s).
compiling main.c...
DELAY_UART.H(54): error C141: syntax error near '='
DELAY_UART.H(54): error C141: syntax error near ')'
main.c - 2 Error(s), 0 Warning(s).
compiling main.c...
main.c - 0 Error(s), 0 Warning(s).
Build target '目标 1'
compiling main.c...
linking...
Program Size: data=95.0 xdata=0 code=1493
creating hex file from "C-M-3"...
"C-M-3" - 0 Error(s), 0 Warning(s).
compiling main.c...
main.c - 0 Error(s), 0 Warning(s).
Build target '目标 1'
compiling main.c...
linking...
Program Size: data=95.0 xdata=0 code=1486
creating hex file from "C-M-3"...
"C-M-3" - 0 Error(s), 0 Warning(s).
compiling main.c...
DELAY_UART.H(48): warning C206: 'InitQueue': missing function-prototype
DELAY_UART.H(48): error C267: 'InitQueue': requires ANSI-style prototype
DIGITAL_LED.H(40): error C231: 'InitQueue': redefinition
DIGITAL_LED.H(44): error C231: 'InitQueue': redefinition
MAIN.C(12): error C231: 'InitQueue': redefinition
main.c - 4 Error(s), 1 Warning(s).
compiling main.c...
main.c - 0 Error(s), 0 Warning(s).
Build target '目标 1'
compiling main.c...
linking...
*** WARNING L15: MULTIPLE CALL TO SEGMENT
    SEGMENT: ?PR?_INITQUEUE?MAIN
    CALLER1: ?PR?SEND_INTERRUPT?MAIN
    CALLER2: ?C_C51STARTUP
Program Size: data=95.0 xdata=0 code=1496
creating hex file from "C-M-3"...
"C-M-3" - 0 Error(s), 1 Warning(s).
